<?xml version="1.0" encoding="UTF-8"?>
<!-- Generated by org.testng.reporters.JUnitReportReporter -->
<testsuite hostname="DESKTOP-FVVKFHI" failures="0" tests="2" name="tests.TestClass1" time="10.033" errors="0" timestamp="2022-02-17T00:17:01 IST" skipped="0">
  <testcase classname="tests.TestClass1" name="toVarifyTaskButton" time="6.110"/>
  <system-out/>
  <testcase classname="tests.TestClass1" name="varifyUserTab" time="3.923"/>
  <system-out/>
</testsuite> <!-- tests.TestClass1 -->
