<?xml version="1.0" encoding="UTF-8"?>
<!-- Generated by org.testng.reporters.JUnitReportReporter -->
<testsuite hostname="DESKTOP-FVVKFHI" failures="0" tests="2" name="tests.TestClass2$TestClass1" time="15.715" errors="0" timestamp="2022-02-16T17:58:50 IST" skipped="0">
  <testcase classname="tests.TestClass2$TestClass1" name="toVarifyTaskButton" time="11.668"/>
  <system-out/>
  <testcase classname="tests.TestClass2$TestClass1" name="varifyUserTab" time="4.047"/>
  <system-out/>
</testsuite> <!-- tests.TestClass2$TestClass1 -->
