<?xml version="1.0" encoding="UTF-8"?>
<!-- Generated by org.testng.reporters.JUnitReportReporter -->
<testsuite hostname="DESKTOP-FVVKFHI" failures="0" tests="3" name="tests.TestClass4" time="0.011" errors="0" timestamp="2022-02-16T13:56:36 IST" skipped="0">
  <testcase classname="tests.TestClass4" name="testB" time="0.004"/>
  <system-out/>
  <testcase classname="tests.TestClass4" name="testC" time="0.002"/>
  <system-out/>
  <testcase classname="tests.TestClass4" name="testA" time="0.005"/>
  <system-out/>
</testsuite> <!-- tests.TestClass4 -->
