<?xml version="1.0" encoding="UTF-8"?>
<!-- Generated by org.testng.reporters.JUnitReportReporter -->
<testsuite hostname="DESKTOP-FVVKFHI" failures="0" tests="3" name="tests.TestClass3" time="0.011" errors="0" timestamp="2022-02-16T13:56:36 IST" skipped="0">
  <testcase classname="tests.TestClass3" name="testZ" time="0.005"/>
  <system-out/>
  <testcase classname="tests.TestClass3" name="testX" time="0.003"/>
  <system-out/>
  <testcase classname="tests.TestClass3" name="testY" time="0.003"/>
  <system-out/>
</testsuite> <!-- tests.TestClass3 -->
