<?xml version="1.0" encoding="UTF-8"?>
<!-- Generated by org.testng.reporters.JUnitReportReporter -->
<testsuite hostname="DESKTOP-FVVKFHI" failures="0" tests="3" name="tests.TestClass2" time="0.006" errors="0" timestamp="2022-02-16T12:30:00 IST" skipped="0">
  <testcase classname="tests.TestClass2" name="testA" time="0.002"/>
  <system-out/>
  <testcase classname="tests.TestClass2" name="testB" time="0.002"/>
  <system-out/>
  <testcase classname="tests.TestClass2" name="testC" time="0.002"/>
  <system-out/>
</testsuite> <!-- tests.TestClass2 -->
